CLSF Import Summary for "%s". Z:\Documents\Windows\SmartSFC\workspace\volume_0_010.cls


Log created by %s on %szhaohSun May 17 21:13:04 2020



*** Importing tool path "CAVITY_MILL" ..... 


      - Note: Operation "CAVITY_MILL" has been edited.


    Tool path import succeeded.





CLSF Import Completed.





****************************************************************


CLSF Import Summary for "%s". Z:\Documents\Windows\SmartSFC\workspace\volume_0_01r1.cls


Log created by %s on %szhaohSun May 17 21:19:48 2020



*** Importing tool path "CAVITY_MILL" ..... 


      - Note: Operation "CAVITY_MILL" has been edited.


    Tool path import succeeded.





CLSF Import Completed.





****************************************************************


CLSF Import Summary for "%s". Z:\Documents\Windows\SmartSFC\workspace\volume_0_01r1.cls


Log created by %s on %szhaohSun May 17 21:26:22 2020



*** Importing tool path "CAVITY_MILL" ..... 


      - Note: Operation "CAVITY_MILL" has been edited.


    Tool path import succeeded.





CLSF Import Completed.





****************************************************************


CLSF Import Summary for "%s". Z:\Documents\Windows\SmartSFC\workspace\volume_0_010.cls


Log created by %s on %szhaohSun May 17 21:26:32 2020



*** Importing tool path "CAVITY_MILL" ..... 


      - Note: Operation "CAVITY_MILL" has been edited.


    Tool path import succeeded.





CLSF Import Completed.





****************************************************************


CLSF Import Summary for "%s". Z:\Documents\Windows\SmartSFC\workspace\volume_1_01r1.cls


Log created by %s on %szhaohSun May 17 21:50:39 2020



*** Importing tool path "CAVITY_MILL" ..... 


      - Note: Operation "CAVITY_MILL" has been edited.


    Tool path import succeeded.





CLSF Import Completed.





****************************************************************


CLSF Import Summary for "%s". Z:\Documents\Windows\SmartSFC\workspace\volume_1_010.cls


Log created by %s on %szhaohSun May 17 21:50:48 2020



*** Importing tool path "CAVITY_MILL" ..... 


      - Note: Operation "CAVITY_MILL" has been edited.


    Tool path import succeeded.





CLSF Import Completed.





****************************************************************


CLSF Import Summary for "%s". Z:\Documents\Windows\SmartSFC\workspace\volume_2_01r1.cls


Log created by %s on %szhaohSun May 17 22:40:30 2020



*** Importing tool path "CAVITY_MILL" ..... 


      - Note: Operation "CAVITY_MILL" has been edited.


    Tool path import succeeded.





CLSF Import Completed.





****************************************************************


CLSF Import Summary for "%s". Z:\Documents\Windows\SmartSFC\workspace\volume_2_010.cls


Log created by %s on %szhaohSun May 17 22:40:55 2020



*** Importing tool path "CAVITY_MILL" ..... 


      - Note: Operation "CAVITY_MILL" has been edited.


    Tool path import succeeded.





CLSF Import Completed.





****************************************************************


